
> jon_search_ui@1.0.0 start /home/jwala/Job_Search_React
> webpack-dev-server --hot

Project is running at http://localhost:3000/
webpack output is served from /
webpack: wait until bundle finished: /?
(node:19963) DeprecationWarning: loaderUtils.parseQuery() received a non-string value which can be problematic, see https://github.com/webpack/loader-utils/issues/56
parseQuery() will be replaced with getOptions() in the next major version of loader-utils.
Hash: 51e76cf7208dc43b81a4
Version: webpack 2.2.1
Time: 7737ms
   Asset     Size  Chunks                    Chunk Names
index.js  1.11 MB       0  [emitted]  [big]  main
chunk    {0} index.js (main) 1.05 MB [entry] [rendered]
   [20] ./~/react/react.js 56 bytes {0} [built]
  [121] (webpack)/hot/emitter.js 77 bytes {0} [built]
  [122] ./main.js 484 bytes {0} [built]
  [123] (webpack)-dev-server/client?http://localhost:3000 5.44 kB {0} [built]
  [124] (webpack)/hot/dev-server.js 1.57 kB {0} [built]
  [145] ./src/components/App.js 881 bytes {0} [built]
  [176] ./~/querystring-es3/index.js 127 bytes {0} [built]
  [178] ./~/react-dom/index.js 59 bytes {0} [built]
  [192] ./~/react-dom/lib/ReactDOM.js 5.14 kB {0} [built]
  [288] ./~/strip-ansi/index.js 161 bytes {0} [built]
  [290] ./~/url/url.js 23.3 kB {0} [built]
  [292] (webpack)-dev-server/client/overlay.js 3.6 kB {0} [built]
  [293] (webpack)-dev-server/client/socket.js 856 bytes {0} [built]
  [295] (webpack)/hot/log-apply-result.js 1.02 kB {0} [built]
  [296] multi (webpack)-dev-server/client?http://localhost:3000 webpack/hot/dev-server ./main.js 52 bytes {0} [built]
     + 282 hidden modules
webpack: Compiled successfully.

> jon_search_ui@1.0.0 start /home/jwala/Job_Search_React
> webpack-dev-server --hot

Project is running at http://localhost:3000/
webpack output is served from /
(node:20124) DeprecationWarning: loaderUtils.parseQuery() received a non-string value which can be problematic, see https://github.com/webpack/loader-utils/issues/56
parseQuery() will be replaced with getOptions() in the next major version of loader-utils.
webpack: wait until bundle finished: /?
Hash: 51e76cf7208dc43b81a4
Version: webpack 2.2.1
Time: 3221ms
   Asset     Size  Chunks                    Chunk Names
index.js  1.11 MB       0  [emitted]  [big]  main
chunk    {0} index.js (main) 1.05 MB [entry] [rendered]
   [20] ./~/react/react.js 56 bytes {0} [built]
  [121] (webpack)/hot/emitter.js 77 bytes {0} [built]
  [122] ./main.js 484 bytes {0} [built]
  [123] (webpack)-dev-server/client?http://localhost:3000 5.44 kB {0} [built]
  [124] (webpack)/hot/dev-server.js 1.57 kB {0} [built]
  [145] ./src/components/App.js 881 bytes {0} [built]
  [176] ./~/querystring-es3/index.js 127 bytes {0} [built]
  [178] ./~/react-dom/index.js 59 bytes {0} [built]
  [192] ./~/react-dom/lib/ReactDOM.js 5.14 kB {0} [built]
  [288] ./~/strip-ansi/index.js 161 bytes {0} [built]
  [290] ./~/url/url.js 23.3 kB {0} [built]
  [292] (webpack)-dev-server/client/overlay.js 3.6 kB {0} [built]
  [293] (webpack)-dev-server/client/socket.js 856 bytes {0} [built]
  [295] (webpack)/hot/log-apply-result.js 1.02 kB {0} [built]
  [296] multi (webpack)-dev-server/client?http://localhost:3000 webpack/hot/dev-server ./main.js 52 bytes {0} [built]
     + 282 hidden modules
webpack: Compiled successfully.

> jon_search_ui@1.0.0 start /home/jwala/Job_Search_React
> webpack-dev-server --hot

events.js:163
      throw er; // Unhandled 'error' event
      ^

Error: listen EADDRINUSE 127.0.0.1:3000
    at Object.exports._errnoException (util.js:1033:11)
    at exports._exceptionWithHostPort (util.js:1056:20)
    at Server._listen2 (net.js:1276:14)
    at listen (net.js:1312:10)
    at doListening (net.js:1427:7)
    at GetAddrInfoReqWrap.asyncCallback [as callback] (dns.js:62:16)
    at GetAddrInfoReqWrap.onlookup [as oncomplete] (dns.js:78:10)

npm ERR! Linux 3.13.0-108-generic
npm ERR! argv "/usr/bin/nodejs" "/usr/bin/npm" "start"
npm ERR! node v7.7.2
npm ERR! npm  v4.1.2
npm ERR! code ELIFECYCLE
npm ERR! jon_search_ui@1.0.0 start: `webpack-dev-server --hot`
npm ERR! Exit status 1
npm ERR! 
npm ERR! Failed at the jon_search_ui@1.0.0 start script 'webpack-dev-server --hot'.
npm ERR! Make sure you have the latest version of node.js and npm installed.
npm ERR! If you do, this is most likely a problem with the jon_search_ui package,
npm ERR! not with npm itself.
npm ERR! Tell the author that this fails on your system:
npm ERR!     webpack-dev-server --hot
npm ERR! You can get information on how to open an issue for this project with:
npm ERR!     npm bugs jon_search_ui
npm ERR! Or if that isn't available, you can get their info via:
npm ERR!     npm owner ls jon_search_ui
npm ERR! There is likely additional logging output above.

npm ERR! Please include the following file with any support request:
npm ERR!     /home/jwala/Job_Search_React/npm-debug.log

> jon_search_ui@1.0.0 start /home/jwala/Job_Search_React
> webpack-dev-server --hot

Project is running at http://localhost:3000/
webpack output is served from /
(node:20239) DeprecationWarning: loaderUtils.parseQuery() received a non-string value which can be problematic, see https://github.com/webpack/loader-utils/issues/56
parseQuery() will be replaced with getOptions() in the next major version of loader-utils.
Hash: 51e76cf7208dc43b81a4
Version: webpack 2.2.1
Time: 3135ms
   Asset     Size  Chunks                    Chunk Names
index.js  1.11 MB       0  [emitted]  [big]  main
chunk    {0} index.js (main) 1.05 MB [entry] [rendered]
   [20] ./~/react/react.js 56 bytes {0} [built]
  [121] (webpack)/hot/emitter.js 77 bytes {0} [built]
  [122] ./main.js 484 bytes {0} [built]
  [123] (webpack)-dev-server/client?http://localhost:3000 5.44 kB {0} [built]
  [124] (webpack)/hot/dev-server.js 1.57 kB {0} [built]
  [145] ./src/components/App.js 881 bytes {0} [built]
  [176] ./~/querystring-es3/index.js 127 bytes {0} [built]
  [178] ./~/react-dom/index.js 59 bytes {0} [built]
  [192] ./~/react-dom/lib/ReactDOM.js 5.14 kB {0} [built]
  [288] ./~/strip-ansi/index.js 161 bytes {0} [built]
  [290] ./~/url/url.js 23.3 kB {0} [built]
  [292] (webpack)-dev-server/client/overlay.js 3.6 kB {0} [built]
  [293] (webpack)-dev-server/client/socket.js 856 bytes {0} [built]
  [295] (webpack)/hot/log-apply-result.js 1.02 kB {0} [built]
  [296] multi (webpack)-dev-server/client?http://localhost:3000 webpack/hot/dev-server ./main.js 52 bytes {0} [built]
     + 282 hidden modules
webpack: Compiled successfully.
Killed

npm ERR! Linux 3.13.0-108-generic
npm ERR! argv "/usr/bin/nodejs" "/usr/bin/npm" "start"
npm ERR! node v7.7.2
npm ERR! npm  v4.1.2
npm ERR! code ELIFECYCLE
npm ERR! jon_search_ui@1.0.0 start: `webpack-dev-server --hot`
npm ERR! Exit status 137
npm ERR! 
npm ERR! Failed at the jon_search_ui@1.0.0 start script 'webpack-dev-server --hot'.
npm ERR! Make sure you have the latest version of node.js and npm installed.
npm ERR! If you do, this is most likely a problem with the jon_search_ui package,
npm ERR! not with npm itself.
npm ERR! Tell the author that this fails on your system:
npm ERR!     webpack-dev-server --hot
npm ERR! You can get information on how to open an issue for this project with:
npm ERR!     npm bugs jon_search_ui
npm ERR! Or if that isn't available, you can get their info via:
npm ERR!     npm owner ls jon_search_ui
npm ERR! There is likely additional logging output above.

npm ERR! Please include the following file with any support request:
npm ERR!     /home/jwala/Job_Search_React/npm-debug.log

> jon_search_ui@1.0.0 start /home/jwala/Job_Search_React
> webpack-dev-server --hot

Project is running at http://localhost:3000/
webpack output is served from /
(node:20342) DeprecationWarning: loaderUtils.parseQuery() received a non-string value which can be problematic, see https://github.com/webpack/loader-utils/issues/56
parseQuery() will be replaced with getOptions() in the next major version of loader-utils.
webpack: wait until bundle finished: /
Hash: 51e76cf7208dc43b81a4
Version: webpack 2.2.1
Time: 3411ms
   Asset     Size  Chunks                    Chunk Names
index.js  1.11 MB       0  [emitted]  [big]  main
chunk    {0} index.js (main) 1.05 MB [entry] [rendered]
   [20] ./~/react/react.js 56 bytes {0} [built]
  [121] (webpack)/hot/emitter.js 77 bytes {0} [built]
  [122] ./main.js 484 bytes {0} [built]
  [123] (webpack)-dev-server/client?http://localhost:3000 5.44 kB {0} [built]
  [124] (webpack)/hot/dev-server.js 1.57 kB {0} [built]
  [145] ./src/components/App.js 881 bytes {0} [built]
  [176] ./~/querystring-es3/index.js 127 bytes {0} [built]
  [178] ./~/react-dom/index.js 59 bytes {0} [built]
  [192] ./~/react-dom/lib/ReactDOM.js 5.14 kB {0} [built]
  [288] ./~/strip-ansi/index.js 161 bytes {0} [built]
  [290] ./~/url/url.js 23.3 kB {0} [built]
  [292] (webpack)-dev-server/client/overlay.js 3.6 kB {0} [built]
  [293] (webpack)-dev-server/client/socket.js 856 bytes {0} [built]
  [295] (webpack)/hot/log-apply-result.js 1.02 kB {0} [built]
  [296] multi (webpack)-dev-server/client?http://localhost:3000 webpack/hot/dev-server ./main.js 52 bytes {0} [built]
     + 282 hidden modules
webpack: Compiled successfully.
